Started GET "/" for ::1 at 2019-10-12 14:34:34 -0500
Processing by Rails::WelcomeController#index as HTML
  Rendering /Users/quincyhicks/.rbenv/versions/2.6.3/lib/ruby/gems/2.6.0/gems/railties-6.0.0/lib/rails/templates/rails/welcome/index.html.erb
  Rendered /Users/quincyhicks/.rbenv/versions/2.6.3/lib/ruby/gems/2.6.0/gems/railties-6.0.0/lib/rails/templates/rails/welcome/index.html.erb (Duration: 7.4ms | Allocations: 489)
Completed 200 OK in 16ms (Views: 12.6ms | ActiveRecord: 0.0ms | Allocations: 2700)


  [1m[35m (0.2ms)[0m  [1m[34mSELECT pg_try_advisory_lock(7819702123718173500)[0m
  [1m[35m (0.5ms)[0m  [1m[34mSELECT "schema_migrations"."version" FROM "schema_migrations" ORDER BY "schema_migrations"."version" ASC[0m
Migrating to CreateClients (20191012194522)
  [1m[35m (0.1ms)[0m  [1m[35mBEGIN[0m
  [1m[35m (13.1ms)[0m  [1m[35mCREATE TABLE "clients" ("id" bigserial primary key, "first_name" character varying, "last_name" character varying, "street" character varying, "city" character varying, "state" character varying, "zip" character varying, "social" character varying, "rating" character varying, "last_contact" character varying, "notes" character varying)[0m
  [1m[36mprimary::SchemaMigration Create (0.8ms)[0m  [1m[32mINSERT INTO "schema_migrations" ("version") VALUES ($1) RETURNING "version"[0m  [["version", "20191012194522"]]
  [1m[35m (0.4ms)[0m  [1m[35mCOMMIT[0m
  [1m[36mActiveRecord::InternalMetadata Load (0.3ms)[0m  [1m[34mSELECT "ar_internal_metadata".* FROM "ar_internal_metadata" WHERE "ar_internal_metadata"."key" = $1 LIMIT $2[0m  [["key", "environment"], ["LIMIT", 1]]
  [1m[35m (0.2ms)[0m  [1m[34mSELECT pg_advisory_unlock(7819702123718173500)[0m
  [1m[35m (0.5ms)[0m  [1m[34mSELECT "schema_migrations"."version" FROM "schema_migrations" ORDER BY "schema_migrations"."version" ASC[0m
  [1m[35m (1.4ms)[0m  [1m[34mSELECT "schema_migrations"."version" FROM "schema_migrations" ORDER BY "schema_migrations"."version" ASC[0m
  [1m[35m (0.1ms)[0m  [1m[35mBEGIN[0m
  [1m[36mClient Create (11.1ms)[0m  [1m[32mINSERT INTO "clients" ("first_name", "last_name", "street", "city", "state", "zip", "social", "rating", "last_contact", "notes") VALUES ($1, $2, $3, $4, $5, $6, $7, $8, $9, $10) RETURNING "id"[0m  [["first_name", "Hubert"], ["last_name", "Lemke"], ["street", "6090 Tillman Views"], ["city", "Port Whitney"], ["state", "Illinois"], ["zip", "23062-2309"], ["social", "7457"], ["rating", "1"], ["last_contact", "2017-11-14"], ["notes", "Fugit nihil eos. Dolor et sequi. Quo distinctio voluptas. Ullam unde nam."]]
  [1m[35m (0.4ms)[0m  [1m[35mCOMMIT[0m
  [1m[35m (0.1ms)[0m  [1m[35mBEGIN[0m
  [1m[36mClient Create (0.2ms)[0m  [1m[32mINSERT INTO "clients" ("first_name", "last_name", "street", "city", "state", "zip", "social", "rating", "last_contact", "notes") VALUES ($1, $2, $3, $4, $5, $6, $7, $8, $9, $10) RETURNING "id"[0m  [["first_name", "Clark"], ["last_name", "Rutherford"], ["street", "6432 Kurt Walks"], ["city", "East Tim"], ["state", "Utah"], ["zip", "09457"], ["social", "5119"], ["rating", "4"], ["last_contact", "2019-01-29"], ["notes", "Facilis nihil ipsum. Deleniti sit aliquam. Quia eius in. Voluptatum repellendus quidem."]]
  [1m[35m (0.3ms)[0m  [1m[35mCOMMIT[0m
  [1m[35m (0.1ms)[0m  [1m[35mBEGIN[0m
  [1m[36mClient Create (0.2ms)[0m  [1m[32mINSERT INTO "clients" ("first_name", "last_name", "street", "city", "state", "zip", "social", "rating", "last_contact", "notes") VALUES ($1, $2, $3, $4, $5, $6, $7, $8, $9, $10) RETURNING "id"[0m  [["first_name", "Michell"], ["last_name", "Johns"], ["street", "77479 Genevie Heights"], ["city", "South Ahmadview"], ["state", "South Dakota"], ["zip", "30041"], ["social", "7134"], ["rating", "4"], ["last_contact", "2019-08-27"], ["notes", "Incidunt ea velit. Eaque veniam repudiandae. Unde aperiam earum. Temporibus ut quia."]]
  [1m[35m (0.3ms)[0m  [1m[35mCOMMIT[0m
  [1m[35m (0.1ms)[0m  [1m[35mBEGIN[0m
  [1m[36mClient Create (0.2ms)[0m  [1m[32mINSERT INTO "clients" ("first_name", "last_name", "street", "city", "state", "zip", "social", "rating", "last_contact", "notes") VALUES ($1, $2, $3, $4, $5, $6, $7, $8, $9, $10) RETURNING "id"[0m  [["first_name", "Antione"], ["last_name", "Cartwright"], ["street", "6692 Rowena Ramp"], ["city", "North Frederick"], ["state", "Mississippi"], ["zip", "19438"], ["social", "8712"], ["rating", "2"], ["last_contact", "2018-09-05"], ["notes", "Repellat quas veniam. Commodi beatae itaque. Repudiandae omnis eaque. Perferendis qui quia."]]
  [1m[35m (0.3ms)[0m  [1m[35mCOMMIT[0m
  [1m[35m (0.1ms)[0m  [1m[35mBEGIN[0m
  [1m[36mClient Create (0.2ms)[0m  [1m[32mINSERT INTO "clients" ("first_name", "last_name", "street", "city", "state", "zip", "social", "rating", "last_contact", "notes") VALUES ($1, $2, $3, $4, $5, $6, $7, $8, $9, $10) RETURNING "id"[0m  [["first_name", "James"], ["last_name", "Nader"], ["street", "59375 O'Reilly Rapid"], ["city", "Jonesburgh"], ["state", "New Jersey"], ["zip", "39522"], ["social", "5260"], ["rating", "4"], ["last_contact", "2018-07-26"], ["notes", "Molestiae soluta asperiores. Nesciunt aut numquam. Laboriosam quis non. Ea iste est."]]
  [1m[35m (0.3ms)[0m  [1m[35mCOMMIT[0m
  [1m[35m (0.1ms)[0m  [1m[35mBEGIN[0m
  [1m[36mClient Create (0.2ms)[0m  [1m[32mINSERT INTO "clients" ("first_name", "last_name", "street", "city", "state", "zip", "social", "rating", "last_contact", "notes") VALUES ($1, $2, $3, $4, $5, $6, $7, $8, $9, $10) RETURNING "id"[0m  [["first_name", "Danae"], ["last_name", "Ledner"], ["street", "30801 Judy Junction"], ["city", "North Tobyville"], ["state", "Nevada"], ["zip", "01013"], ["social", "4200"], ["rating", "4"], ["last_contact", "2018-11-18"], ["notes", "Hic qui fugiat. Aperiam ea sit. Consequuntur totam fugiat. Autem aut sunt."]]
  [1m[35m (0.2ms)[0m  [1m[35mCOMMIT[0m
  [1m[35m (0.1ms)[0m  [1m[35mBEGIN[0m
  [1m[36mClient Create (1.0ms)[0m  [1m[32mINSERT INTO "clients" ("first_name", "last_name", "street", "city", "state", "zip", "social", "rating", "last_contact", "notes") VALUES ($1, $2, $3, $4, $5, $6, $7, $8, $9, $10) RETURNING "id"[0m  [["first_name", "Darin"], ["last_name", "Schulist"], ["street", "302 Terra Bypass"], ["city", "Rupertville"], ["state", "North Carolina"], ["zip", "42339-7043"], ["social", "3344"], ["rating", "4"], ["last_contact", "2018-03-10"], ["notes", "Voluptatem est ut. Et nihil et. Perspiciatis minima voluptatibus. Fugit sit voluptas."]]
  [1m[35m (0.3ms)[0m  [1m[35mCOMMIT[0m
  [1m[35m (0.1ms)[0m  [1m[35mBEGIN[0m
  [1m[36mClient Create (0.2ms)[0m  [1m[32mINSERT INTO "clients" ("first_name", "last_name", "street", "city", "state", "zip", "social", "rating", "last_contact", "notes") VALUES ($1, $2, $3, $4, $5, $6, $7, $8, $9, $10) RETURNING "id"[0m  [["first_name", "Raymon"], ["last_name", "Hermann"], ["street", "9154 Evelin Summit"], ["city", "Idellborough"], ["state", "Illinois"], ["zip", "42180-2795"], ["social", "6028"], ["rating", "2"], ["last_contact", "2019-01-06"], ["notes", "In illo qui. Atque similique est. Et cupiditate non. Explicabo repellat earum."]]
  [1m[35m (0.3ms)[0m  [1m[35mCOMMIT[0m
  [1m[35m (0.1ms)[0m  [1m[35mBEGIN[0m
  [1m[36mClient Create (0.2ms)[0m  [1m[32mINSERT INTO "clients" ("first_name", "last_name", "street", "city", "state", "zip", "social", "rating", "last_contact", "notes") VALUES ($1, $2, $3, $4, $5, $6, $7, $8, $9, $10) RETURNING "id"[0m  [["first_name", "Waylon"], ["last_name", "Legros"], ["street", "61606 Tracy Drive"], ["city", "Parkerhaven"], ["state", "Utah"], ["zip", "15932"], ["social", "2764"], ["rating", "3"], ["last_contact", "2019-07-28"], ["notes", "Molestiae ea quas. Reiciendis molestias et. Eum similique aut. Aut tenetur quo."]]
  [1m[35m (0.2ms)[0m  [1m[35mCOMMIT[0m
  [1m[35m (0.1ms)[0m  [1m[35mBEGIN[0m
  [1m[36mClient Create (0.2ms)[0m  [1m[32mINSERT INTO "clients" ("first_name", "last_name", "street", "city", "state", "zip", "social", "rating", "last_contact", "notes") VALUES ($1, $2, $3, $4, $5, $6, $7, $8, $9, $10) RETURNING "id"[0m  [["first_name", "Arnette"], ["last_name", "Romaguera"], ["street", "119 Ann Mills"], ["city", "Russfort"], ["state", "Idaho"], ["zip", "88513"], ["social", "2915"], ["rating", "4"], ["last_contact", "2017-12-01"], ["notes", "Hic autem ducimus. Magnam minus voluptates. Aut dignissimos itaque. Error et quia."]]
  [1m[35m (0.3ms)[0m  [1m[35mCOMMIT[0m
  [1m[36mClient Load (0.5ms)[0m  [1m[34mSELECT "clients".* FROM "clients" LIMIT $1[0m  [["LIMIT", 11]]
  [1m[36mClient Load (0.2ms)[0m  [1m[34mSELECT "clients".* FROM "clients" WHERE "clients"."id" = $1 LIMIT $2[0m  [["id", 2], ["LIMIT", 1]]
Started GET "/clients" for ::1 at 2019-10-16 13:58:04 -0500
  [1m[35m (0.5ms)[0m  [1m[34mSELECT "schema_migrations"."version" FROM "schema_migrations" ORDER BY "schema_migrations"."version" ASC[0m
Processing by ClientsController#index as HTML
  [1m[36mClient Load (0.5ms)[0m  [1m[34mSELECT "clients".* FROM "clients"[0m
  ↳ app/controllers/clients_controller.rb:4:in `index'
Completed 200 OK in 15ms (Views: 10.0ms | ActiveRecord: 4.1ms | Allocations: 10320)


Started GET "/clients" for ::1 at 2019-10-16 13:59:25 -0500
Processing by ClientsController#index as HTML
  [1m[36mClient Load (0.3ms)[0m  [1m[34mSELECT "clients".* FROM "clients"[0m
  ↳ app/controllers/clients_controller.rb:4:in `index'
Completed 500 Internal Server Error in 146ms (Views: 27.4ms | ActiveRecord: 2.9ms | Allocations: 81198)


  
NameError (undefined local variable or method `clients' for #<ClientsController:0x00007fb04e9ff488>
Did you mean?  clients_url):
  
app/controllers/clients_controller.rb:5:in `index'
Started GET "/clients" for ::1 at 2019-10-16 13:59:46 -0500
  [1m[35m (0.5ms)[0m  [1m[34mSELECT "schema_migrations"."version" FROM "schema_migrations" ORDER BY "schema_migrations"."version" ASC[0m
Processing by ClientsController#index as HTML
  [1m[36mClient Load (0.5ms)[0m  [1m[34mSELECT "clients".* FROM "clients"[0m
  ↳ app/controllers/clients_controller.rb:4:in `index'
Completed 500 Internal Server Error in 184ms (Views: 10.8ms | ActiveRecord: 3.6ms | Allocations: 81773)


  
NameError (undefined local variable or method `clients' for #<ClientsController:0x00007fe2feca6eb0>
Did you mean?  clients_url):
  
app/controllers/clients_controller.rb:5:in `index'
Started GET "/clients" for ::1 at 2019-10-16 14:00:41 -0500
  [1m[35m (0.7ms)[0m  [1m[34mSELECT "schema_migrations"."version" FROM "schema_migrations" ORDER BY "schema_migrations"."version" ASC[0m
Processing by ClientsController#index as HTML
  [1m[36mClient Load (0.4ms)[0m  [1m[34mSELECT "clients".* FROM "clients"[0m
  ↳ app/controllers/clients_controller.rb:4:in `index'
Completed 500 Internal Server Error in 166ms (Views: 10.4ms | ActiveRecord: 3.7ms | Allocations: 81776)


  
NameError (undefined local variable or method `client' for #<ClientsController:0x00007fb5189879c8>
Did you mean?  client_url):
  
app/controllers/clients_controller.rb:5:in `index'
Started GET "/clients" for ::1 at 2019-10-16 14:01:00 -0500
Processing by ClientsController#index as HTML
  [1m[36mClient Load (0.3ms)[0m  [1m[34mSELECT "clients".* FROM "clients"[0m
  ↳ app/controllers/clients_controller.rb:4:in `index'
Completed 500 Internal Server Error in 157ms (Views: 9.6ms | ActiveRecord: 2.7ms | Allocations: 81295)


  
NameError (undefined local variable or method `clients' for #<ClientsController:0x00007fb519348958>
Did you mean?  clients_url):
  
app/controllers/clients_controller.rb:5:in `index'
Started GET "/clients" for ::1 at 2019-10-16 14:01:38 -0500
Processing by ClientsController#index as HTML
  [1m[36mClient Load (0.2ms)[0m  [1m[34mSELECT "clients".* FROM "clients"[0m
  ↳ app/controllers/clients_controller.rb:4:in `index'
Completed 500 Internal Server Error in 13ms (Views: 9.4ms | ActiveRecord: 2.5ms | Allocations: 9870)


  
AbstractController::DoubleRenderError (Render and/or redirect were called multiple times in this action. Please note that you may only call render OR redirect, and at most once per action. Also note that neither redirect nor render terminate execution of the action, so if you want to exit an action after redirecting, you need to do something like "redirect_to(...) and return".):
  
app/controllers/clients_controller.rb:5:in `index'
Started GET "/clients" for ::1 at 2019-10-16 14:02:10 -0500
Processing by ClientsController#index as HTML
  [1m[36mClient Load (0.3ms)[0m  [1m[34mSELECT "clients".* FROM "clients"[0m
  ↳ app/controllers/clients_controller.rb:4:in `index'
Completed 500 Internal Server Error in 168ms (Views: 9.2ms | ActiveRecord: 3.0ms | Allocations: 81198)


  
NameError (undefined local variable or method `clients' for #<ClientsController:0x00007fb519283220>
Did you mean?  clients_url):
  
app/controllers/clients_controller.rb:5:in `index'
Started GET "/clients" for ::1 at 2019-10-16 14:02:20 -0500
Processing by ClientsController#index as HTML
  [1m[36mClient Load (0.3ms)[0m  [1m[34mSELECT "clients".* FROM "clients"[0m
  ↳ app/controllers/clients_controller.rb:4:in `index'
Completed 500 Internal Server Error in 21ms (Views: 17.0ms | ActiveRecord: 3.1ms | Allocations: 9859)


  
AbstractController::DoubleRenderError (Render and/or redirect were called multiple times in this action. Please note that you may only call render OR redirect, and at most once per action. Also note that neither redirect nor render terminate execution of the action, so if you want to exit an action after redirecting, you need to do something like "redirect_to(...) and return".):
  
app/controllers/clients_controller.rb:5:in `index'
Started GET "/clients" for ::1 at 2019-10-16 14:02:20 -0500
Processing by ClientsController#index as HTML
  [1m[36mClient Load (0.2ms)[0m  [1m[34mSELECT "clients".* FROM "clients"[0m
  ↳ app/controllers/clients_controller.rb:4:in `index'
Completed 500 Internal Server Error in 2ms (Views: 1.8ms | ActiveRecord: 0.2ms | Allocations: 2854)


  
AbstractController::DoubleRenderError (Render and/or redirect were called multiple times in this action. Please note that you may only call render OR redirect, and at most once per action. Also note that neither redirect nor render terminate execution of the action, so if you want to exit an action after redirecting, you need to do something like "redirect_to(...) and return".):
  
app/controllers/clients_controller.rb:5:in `index'
Started GET "/clients" for ::1 at 2019-10-16 14:03:05 -0500
Processing by ClientsController#index as HTML
  [1m[36mClient Load (0.3ms)[0m  [1m[34mSELECT "clients".* FROM "clients"[0m
  ↳ app/controllers/clients_controller.rb:4:in `index'
Completed 200 OK in 13ms (Views: 9.4ms | ActiveRecord: 2.6ms | Allocations: 9737)


Started GET "/clients/1" for ::1 at 2019-10-16 14:04:29 -0500
Processing by ClientsController#show as HTML
  Parameters: {"id"=>"1"}
  [1m[36mClient Load (0.2ms)[0m  [1m[34mSELECT "clients".* FROM "clients" WHERE "clients"."id" = $1 LIMIT $2[0m  [["id", 1], ["LIMIT", 1]]
  ↳ app/controllers/clients_controller.rb:9:in `show'
Completed 200 OK in 24ms (Views: 0.3ms | ActiveRecord: 3.7ms | Allocations: 8189)


Started GET "/clients/1" for ::1 at 2019-10-16 14:05:09 -0500
Processing by ClientsController#show as HTML
  Parameters: {"id"=>"1"}
  [1m[36mClient Load (0.5ms)[0m  [1m[34mSELECT "clients".* FROM "clients" WHERE "clients"."id" = $1 LIMIT $2[0m  [["id", 1], ["LIMIT", 1]]
  ↳ app/controllers/clients_controller.rb:9:in `show'
Completed 500 Internal Server Error in 127ms (Views: 0.3ms | ActiveRecord: 3.0ms | Allocations: 79372)


  
NameError (undefined local variable or method `client' for #<ClientsController:0x00007fb51b9dabc0>
Did you mean?  client_url):
  
app/controllers/clients_controller.rb:10:in `show'
Started GET "/clients/1" for ::1 at 2019-10-16 14:05:20 -0500
Processing by ClientsController#show as HTML
  Parameters: {"id"=>"1"}
  [1m[36mClient Load (0.2ms)[0m  [1m[34mSELECT "clients".* FROM "clients" WHERE "clients"."id" = $1 LIMIT $2[0m  [["id", 1], ["LIMIT", 1]]
  ↳ app/controllers/clients_controller.rb:9:in `show'
Completed 200 OK in 14ms (Views: 0.3ms | ActiveRecord: 2.4ms | Allocations: 7864)


Started GET "/clients/1" for ::1 at 2019-10-16 14:06:17 -0500
Processing by ClientsController#show as HTML
  Parameters: {"id"=>"1"}
  [1m[36mClient Load (0.3ms)[0m  [1m[34mSELECT "clients".* FROM "clients" WHERE "clients"."id" = $1 LIMIT $2[0m  [["id", 1], ["LIMIT", 1]]
  ↳ app/controllers/clients_controller.rb:10:in `show'
Completed 200 OK in 12ms (Views: 0.3ms | ActiveRecord: 2.9ms | Allocations: 7879)


Started GET "/clients/4" for ::1 at 2019-10-16 14:06:28 -0500
Processing by ClientsController#show as HTML
  Parameters: {"id"=>"4"}
  [1m[36mClient Load (0.4ms)[0m  [1m[34mSELECT "clients".* FROM "clients" WHERE "clients"."id" = $1 LIMIT $2[0m  [["id", 4], ["LIMIT", 1]]
  ↳ app/controllers/clients_controller.rb:10:in `show'
Completed 200 OK in 2ms (Views: 0.4ms | ActiveRecord: 0.4ms | Allocations: 786)


Started GET "/clients" for ::1 at 2019-10-17 11:42:59 -0500
  [1m[35m (1.2ms)[0m  [1m[34mSELECT "schema_migrations"."version" FROM "schema_migrations" ORDER BY "schema_migrations"."version" ASC[0m
Processing by ClientsController#index as */*
  [1m[36mClient Load (4.2ms)[0m  [1m[34mSELECT "clients".* FROM "clients"[0m
  ↳ app/controllers/clients_controller.rb:4:in `index'
Completed 200 OK in 24ms (Views: 15.0ms | ActiveRecord: 7.7ms | Allocations: 10322)


Started GET "/clients" for ::1 at 2019-10-17 11:43:32 -0500
  [1m[35m (0.7ms)[0m  [1m[34mSELECT "schema_migrations"."version" FROM "schema_migrations" ORDER BY "schema_migrations"."version" ASC[0m
Processing by ClientsController#index as */*
  [1m[36mClient Load (0.5ms)[0m  [1m[34mSELECT "clients".* FROM "clients"[0m
  ↳ app/controllers/clients_controller.rb:4:in `index'
Completed 200 OK in 20ms (Views: 15.4ms | ActiveRecord: 3.9ms | Allocations: 10323)


Started GET "/clients" for ::1 at 2019-10-17 11:52:50 -0500
Processing by ClientsController#index as */*
  [1m[36mClient Load (1.5ms)[0m  [1m[34mSELECT "clients".* FROM "clients"[0m
  ↳ app/controllers/clients_controller.rb:4:in `index'
Completed 200 OK in 11ms (Views: 8.9ms | ActiveRecord: 1.5ms | Allocations: 2788)


Started GET "/clients" for ::1 at 2019-10-17 11:54:52 -0500
Processing by ClientsController#index as */*
  [1m[36mClient Load (0.4ms)[0m  [1m[34mSELECT "clients".* FROM "clients"[0m
  ↳ app/controllers/clients_controller.rb:4:in `index'
Completed 200 OK in 8ms (Views: 7.5ms | ActiveRecord: 0.4ms | Allocations: 2752)


Started GET "/clients" for ::1 at 2019-10-18 23:14:33 -0500
  [1m[35m (2.0ms)[0m  [1m[34mSELECT "schema_migrations"."version" FROM "schema_migrations" ORDER BY "schema_migrations"."version" ASC[0m
Processing by ClientsController#index as */*
  [1m[36mClient Load (0.7ms)[0m  [1m[34mSELECT "clients".* FROM "clients"[0m
  ↳ app/controllers/clients_controller.rb:4:in `index'
Completed 200 OK in 24ms (Views: 18.1ms | ActiveRecord: 4.3ms | Allocations: 10413)


Started GET "/clients" for ::1 at 2019-10-18 23:22:25 -0500
Processing by ClientsController#index as */*
  [1m[36mClient Load (0.6ms)[0m  [1m[34mSELECT "clients".* FROM "clients"[0m
  ↳ app/controllers/clients_controller.rb:4:in `index'
Completed 200 OK in 7ms (Views: 6.3ms | ActiveRecord: 0.6ms | Allocations: 2788)


Started GET "/clients" for ::1 at 2019-10-19 00:13:31 -0500
Processing by ClientsController#index as */*
  [1m[36mClient Load (0.7ms)[0m  [1m[34mSELECT "clients".* FROM "clients"[0m
  ↳ app/controllers/clients_controller.rb:4:in `index'
Completed 200 OK in 17ms (Views: 15.9ms | ActiveRecord: 0.7ms | Allocations: 2791)


Started GET "/clients" for ::1 at 2019-10-19 00:26:18 -0500
Processing by ClientsController#index as */*
  [1m[36mClient Load (0.6ms)[0m  [1m[34mSELECT "clients".* FROM "clients"[0m
  ↳ app/controllers/clients_controller.rb:4:in `index'
Completed 200 OK in 3ms (Views: 2.2ms | ActiveRecord: 0.6ms | Allocations: 2788)


Started GET "/clients" for ::1 at 2019-10-19 00:26:22 -0500
Processing by ClientsController#index as */*
  [1m[36mClient Load (0.2ms)[0m  [1m[34mSELECT "clients".* FROM "clients"[0m
  ↳ app/controllers/clients_controller.rb:4:in `index'
Completed 200 OK in 3ms (Views: 2.3ms | ActiveRecord: 0.2ms | Allocations: 2752)


Started GET "/clients" for ::1 at 2019-10-19 00:26:41 -0500
Processing by ClientsController#index as */*
  [1m[36mClient Load (0.2ms)[0m  [1m[34mSELECT "clients".* FROM "clients"[0m
  ↳ app/controllers/clients_controller.rb:4:in `index'
Completed 200 OK in 2ms (Views: 1.8ms | ActiveRecord: 0.2ms | Allocations: 2736)


Started GET "/clients" for ::1 at 2019-10-19 00:28:54 -0500
Processing by ClientsController#index as */*
  [1m[36mClient Load (0.3ms)[0m  [1m[34mSELECT "clients".* FROM "clients"[0m
  ↳ app/controllers/clients_controller.rb:4:in `index'
Completed 200 OK in 7ms (Views: 6.5ms | ActiveRecord: 0.3ms | Allocations: 2736)


Started GET "/clients" for ::1 at 2019-10-19 00:31:48 -0500
Processing by ClientsController#index as */*
  [1m[36mClient Load (0.3ms)[0m  [1m[34mSELECT "clients".* FROM "clients"[0m
  ↳ app/controllers/clients_controller.rb:4:in `index'
Completed 200 OK in 8ms (Views: 8.0ms | ActiveRecord: 0.3ms | Allocations: 2736)


Started GET "/clients" for ::1 at 2019-10-19 00:41:31 -0500
Processing by ClientsController#index as */*
  [1m[36mClient Load (0.7ms)[0m  [1m[34mSELECT "clients".* FROM "clients"[0m
  ↳ app/controllers/clients_controller.rb:4:in `index'
Completed 200 OK in 9ms (Views: 7.6ms | ActiveRecord: 0.7ms | Allocations: 2776)


Started GET "/clients" for ::1 at 2019-10-19 00:42:11 -0500
Processing by ClientsController#index as */*
  [1m[36mClient Load (0.3ms)[0m  [1m[34mSELECT "clients".* FROM "clients"[0m
  ↳ app/controllers/clients_controller.rb:4:in `index'
Completed 200 OK in 8ms (Views: 7.8ms | ActiveRecord: 0.3ms | Allocations: 2736)


Started POST "/clients" for ::1 at 2019-10-19 00:42:30 -0500
  
AbstractController::ActionNotFound (The action 'create' could not be found for ClientsController):
  
actionpack (6.0.0) lib/abstract_controller/base.rb:131:in `process'
actionpack (6.0.0) lib/action_controller/metal.rb:191:in `dispatch'
actionpack (6.0.0) lib/action_controller/metal.rb:252:in `dispatch'
actionpack (6.0.0) lib/action_dispatch/routing/route_set.rb:51:in `dispatch'
actionpack (6.0.0) lib/action_dispatch/routing/route_set.rb:33:in `serve'
actionpack (6.0.0) lib/action_dispatch/journey/router.rb:49:in `block in serve'
actionpack (6.0.0) lib/action_dispatch/journey/router.rb:32:in `each'
actionpack (6.0.0) lib/action_dispatch/journey/router.rb:32:in `serve'
actionpack (6.0.0) lib/action_dispatch/routing/route_set.rb:837:in `call'
rack (2.0.7) lib/rack/etag.rb:25:in `call'
rack (2.0.7) lib/rack/conditional_get.rb:38:in `call'
rack (2.0.7) lib/rack/head.rb:12:in `call'
activerecord (6.0.0) lib/active_record/migration.rb:567:in `call'
actionpack (6.0.0) lib/action_dispatch/middleware/callbacks.rb:27:in `block in call'
activesupport (6.0.0) lib/active_support/callbacks.rb:101:in `run_callbacks'
actionpack (6.0.0) lib/action_dispatch/middleware/callbacks.rb:26:in `call'
actionpack (6.0.0) lib/action_dispatch/middleware/executor.rb:14:in `call'
actionpack (6.0.0) lib/action_dispatch/middleware/actionable_exceptions.rb:17:in `call'
actionpack (6.0.0) lib/action_dispatch/middleware/debug_exceptions.rb:32:in `call'
actionpack (6.0.0) lib/action_dispatch/middleware/show_exceptions.rb:33:in `call'
railties (6.0.0) lib/rails/rack/logger.rb:38:in `call_app'
railties (6.0.0) lib/rails/rack/logger.rb:26:in `block in call'
activesupport (6.0.0) lib/active_support/tagged_logging.rb:80:in `block in tagged'
activesupport (6.0.0) lib/active_support/tagged_logging.rb:28:in `tagged'
activesupport (6.0.0) lib/active_support/tagged_logging.rb:80:in `tagged'
railties (6.0.0) lib/rails/rack/logger.rb:26:in `call'
actionpack (6.0.0) lib/action_dispatch/middleware/remote_ip.rb:81:in `call'
actionpack (6.0.0) lib/action_dispatch/middleware/request_id.rb:27:in `call'
rack (2.0.7) lib/rack/runtime.rb:22:in `call'
activesupport (6.0.0) lib/active_support/cache/strategy/local_cache_middleware.rb:29:in `call'
actionpack (6.0.0) lib/action_dispatch/middleware/executor.rb:14:in `call'
actionpack (6.0.0) lib/action_dispatch/middleware/static.rb:126:in `call'
rack (2.0.7) lib/rack/sendfile.rb:111:in `call'
actionpack (6.0.0) lib/action_dispatch/middleware/host_authorization.rb:83:in `call'
rack-cors (1.0.3) lib/rack/cors.rb:95:in `call'
railties (6.0.0) lib/rails/engine.rb:526:in `call'
puma (3.12.1) lib/puma/configuration.rb:227:in `call'
puma (3.12.1) lib/puma/server.rb:660:in `handle_request'
puma (3.12.1) lib/puma/server.rb:474:in `process_client'
puma (3.12.1) lib/puma/server.rb:334:in `block in run'
puma (3.12.1) lib/puma/thread_pool.rb:135:in `block in spawn_thread'
Started GET "/clients" for ::1 at 2019-10-19 00:48:08 -0500
Processing by ClientsController#index as */*
  [1m[36mClient Load (0.6ms)[0m  [1m[34mSELECT "clients".* FROM "clients"[0m
  ↳ app/controllers/clients_controller.rb:4:in `index'
Completed 200 OK in 3ms (Views: 2.1ms | ActiveRecord: 0.6ms | Allocations: 2775)


Started POST "/clients" for ::1 at 2019-10-19 00:48:25 -0500
  
AbstractController::ActionNotFound (The action 'create' could not be found for ClientsController):
  
actionpack (6.0.0) lib/abstract_controller/base.rb:131:in `process'
actionpack (6.0.0) lib/action_controller/metal.rb:191:in `dispatch'
actionpack (6.0.0) lib/action_controller/metal.rb:252:in `dispatch'
actionpack (6.0.0) lib/action_dispatch/routing/route_set.rb:51:in `dispatch'
actionpack (6.0.0) lib/action_dispatch/routing/route_set.rb:33:in `serve'
actionpack (6.0.0) lib/action_dispatch/journey/router.rb:49:in `block in serve'
actionpack (6.0.0) lib/action_dispatch/journey/router.rb:32:in `each'
actionpack (6.0.0) lib/action_dispatch/journey/router.rb:32:in `serve'
actionpack (6.0.0) lib/action_dispatch/routing/route_set.rb:837:in `call'
rack (2.0.7) lib/rack/etag.rb:25:in `call'
rack (2.0.7) lib/rack/conditional_get.rb:38:in `call'
rack (2.0.7) lib/rack/head.rb:12:in `call'
activerecord (6.0.0) lib/active_record/migration.rb:567:in `call'
actionpack (6.0.0) lib/action_dispatch/middleware/callbacks.rb:27:in `block in call'
activesupport (6.0.0) lib/active_support/callbacks.rb:101:in `run_callbacks'
actionpack (6.0.0) lib/action_dispatch/middleware/callbacks.rb:26:in `call'
actionpack (6.0.0) lib/action_dispatch/middleware/executor.rb:14:in `call'
actionpack (6.0.0) lib/action_dispatch/middleware/actionable_exceptions.rb:17:in `call'
actionpack (6.0.0) lib/action_dispatch/middleware/debug_exceptions.rb:32:in `call'
actionpack (6.0.0) lib/action_dispatch/middleware/show_exceptions.rb:33:in `call'
railties (6.0.0) lib/rails/rack/logger.rb:38:in `call_app'
railties (6.0.0) lib/rails/rack/logger.rb:26:in `block in call'
activesupport (6.0.0) lib/active_support/tagged_logging.rb:80:in `block in tagged'
activesupport (6.0.0) lib/active_support/tagged_logging.rb:28:in `tagged'
activesupport (6.0.0) lib/active_support/tagged_logging.rb:80:in `tagged'
railties (6.0.0) lib/rails/rack/logger.rb:26:in `call'
actionpack (6.0.0) lib/action_dispatch/middleware/remote_ip.rb:81:in `call'
actionpack (6.0.0) lib/action_dispatch/middleware/request_id.rb:27:in `call'
rack (2.0.7) lib/rack/runtime.rb:22:in `call'
activesupport (6.0.0) lib/active_support/cache/strategy/local_cache_middleware.rb:29:in `call'
actionpack (6.0.0) lib/action_dispatch/middleware/executor.rb:14:in `call'
actionpack (6.0.0) lib/action_dispatch/middleware/static.rb:126:in `call'
rack (2.0.7) lib/rack/sendfile.rb:111:in `call'
actionpack (6.0.0) lib/action_dispatch/middleware/host_authorization.rb:83:in `call'
rack-cors (1.0.3) lib/rack/cors.rb:95:in `call'
railties (6.0.0) lib/rails/engine.rb:526:in `call'
puma (3.12.1) lib/puma/configuration.rb:227:in `call'
puma (3.12.1) lib/puma/server.rb:660:in `handle_request'
puma (3.12.1) lib/puma/server.rb:474:in `process_client'
puma (3.12.1) lib/puma/server.rb:334:in `block in run'
puma (3.12.1) lib/puma/thread_pool.rb:135:in `block in spawn_thread'
Started GET "/clients" for ::1 at 2019-10-19 00:50:13 -0500
Processing by ClientsController#index as */*
  [1m[36mClient Load (0.4ms)[0m  [1m[34mSELECT "clients".* FROM "clients"[0m
  ↳ app/controllers/clients_controller.rb:4:in `index'
Completed 200 OK in 4ms (Views: 3.3ms | ActiveRecord: 0.4ms | Allocations: 2735)


Started GET "/clients" for ::1 at 2019-10-19 00:50:15 -0500
Processing by ClientsController#index as */*
  [1m[36mClient Load (0.2ms)[0m  [1m[34mSELECT "clients".* FROM "clients"[0m
  ↳ app/controllers/clients_controller.rb:4:in `index'
Completed 200 OK in 2ms (Views: 2.0ms | ActiveRecord: 0.2ms | Allocations: 2736)


Started POST "/clients" for ::1 at 2019-10-19 00:50:31 -0500
  
AbstractController::ActionNotFound (The action 'create' could not be found for ClientsController):
  
actionpack (6.0.0) lib/abstract_controller/base.rb:131:in `process'
actionpack (6.0.0) lib/action_controller/metal.rb:191:in `dispatch'
actionpack (6.0.0) lib/action_controller/metal.rb:252:in `dispatch'
actionpack (6.0.0) lib/action_dispatch/routing/route_set.rb:51:in `dispatch'
actionpack (6.0.0) lib/action_dispatch/routing/route_set.rb:33:in `serve'
actionpack (6.0.0) lib/action_dispatch/journey/router.rb:49:in `block in serve'
actionpack (6.0.0) lib/action_dispatch/journey/router.rb:32:in `each'
actionpack (6.0.0) lib/action_dispatch/journey/router.rb:32:in `serve'
actionpack (6.0.0) lib/action_dispatch/routing/route_set.rb:837:in `call'
rack (2.0.7) lib/rack/etag.rb:25:in `call'
rack (2.0.7) lib/rack/conditional_get.rb:38:in `call'
rack (2.0.7) lib/rack/head.rb:12:in `call'
activerecord (6.0.0) lib/active_record/migration.rb:567:in `call'
actionpack (6.0.0) lib/action_dispatch/middleware/callbacks.rb:27:in `block in call'
activesupport (6.0.0) lib/active_support/callbacks.rb:101:in `run_callbacks'
actionpack (6.0.0) lib/action_dispatch/middleware/callbacks.rb:26:in `call'
actionpack (6.0.0) lib/action_dispatch/middleware/executor.rb:14:in `call'
actionpack (6.0.0) lib/action_dispatch/middleware/actionable_exceptions.rb:17:in `call'
actionpack (6.0.0) lib/action_dispatch/middleware/debug_exceptions.rb:32:in `call'
actionpack (6.0.0) lib/action_dispatch/middleware/show_exceptions.rb:33:in `call'
railties (6.0.0) lib/rails/rack/logger.rb:38:in `call_app'
railties (6.0.0) lib/rails/rack/logger.rb:26:in `block in call'
activesupport (6.0.0) lib/active_support/tagged_logging.rb:80:in `block in tagged'
activesupport (6.0.0) lib/active_support/tagged_logging.rb:28:in `tagged'
activesupport (6.0.0) lib/active_support/tagged_logging.rb:80:in `tagged'
railties (6.0.0) lib/rails/rack/logger.rb:26:in `call'
actionpack (6.0.0) lib/action_dispatch/middleware/remote_ip.rb:81:in `call'
actionpack (6.0.0) lib/action_dispatch/middleware/request_id.rb:27:in `call'
rack (2.0.7) lib/rack/runtime.rb:22:in `call'
activesupport (6.0.0) lib/active_support/cache/strategy/local_cache_middleware.rb:29:in `call'
actionpack (6.0.0) lib/action_dispatch/middleware/executor.rb:14:in `call'
actionpack (6.0.0) lib/action_dispatch/middleware/static.rb:126:in `call'
rack (2.0.7) lib/rack/sendfile.rb:111:in `call'
actionpack (6.0.0) lib/action_dispatch/middleware/host_authorization.rb:83:in `call'
rack-cors (1.0.3) lib/rack/cors.rb:95:in `call'
railties (6.0.0) lib/rails/engine.rb:526:in `call'
puma (3.12.1) lib/puma/configuration.rb:227:in `call'
puma (3.12.1) lib/puma/server.rb:660:in `handle_request'
puma (3.12.1) lib/puma/server.rb:474:in `process_client'
puma (3.12.1) lib/puma/server.rb:334:in `block in run'
puma (3.12.1) lib/puma/thread_pool.rb:135:in `block in spawn_thread'
Started GET "/clients" for ::1 at 2019-10-19 00:56:03 -0500
Processing by ClientsController#index as */*
  [1m[36mClient Load (0.4ms)[0m  [1m[34mSELECT "clients".* FROM "clients"[0m
  ↳ app/controllers/clients_controller.rb:4:in `index'
Completed 200 OK in 3ms (Views: 2.6ms | ActiveRecord: 0.4ms | Allocations: 2735)


Started GET "/clients" for ::1 at 2019-10-19 00:56:05 -0500
Processing by ClientsController#index as */*
  [1m[36mClient Load (0.2ms)[0m  [1m[34mSELECT "clients".* FROM "clients"[0m
  ↳ app/controllers/clients_controller.rb:4:in `index'
Completed 200 OK in 3ms (Views: 2.4ms | ActiveRecord: 0.2ms | Allocations: 2736)


Started GET "/clients" for ::1 at 2019-10-19 01:20:04 -0500
  [1m[35m (1.0ms)[0m  [1m[34mSELECT "schema_migrations"."version" FROM "schema_migrations" ORDER BY "schema_migrations"."version" ASC[0m
Processing by ClientsController#index as */*
  [1m[36mClient Load (0.4ms)[0m  [1m[34mSELECT "clients".* FROM "clients"[0m
  ↳ app/controllers/clients_controller.rb:4:in `index'
Completed 200 OK in 20ms (Views: 14.8ms | ActiveRecord: 3.9ms | Allocations: 10323)


Started POST "/clients" for ::1 at 2019-10-19 01:20:11 -0500
Processing by ClientsController#create as */*
  Parameters: {"first_name"=>"fgg", "last_name"=>"gfdg", "last_contact"=>"fdg", "notes"=>"fdg", "open"=>true, "client"=>{"first_name"=>"fgg", "last_name"=>"gfdg", "last_contact"=>"fdg", "notes"=>"fdg"}}
Completed 500 Internal Server Error in 181ms (ActiveRecord: 0.0ms | Allocations: 72074)


  
NameError (undefined local variable or method `client_params' for #<ClientsController:0x00007f98cfdee9b8>
Did you mean?  client_path):
  
app/controllers/clients_controller.rb:15:in `create'
Started GET "/clients" for ::1 at 2019-10-19 01:25:05 -0500
Processing by ClientsController#index as */*
  [1m[36mClient Load (0.4ms)[0m  [1m[34mSELECT "clients".* FROM "clients"[0m
  ↳ app/controllers/clients_controller.rb:4:in `index'
Completed 200 OK in 3ms (Views: 2.4ms | ActiveRecord: 0.4ms | Allocations: 2751)


Started GET "/clients" for ::1 at 2019-10-19 01:25:08 -0500
Processing by ClientsController#index as */*
  [1m[36mClient Load (0.3ms)[0m  [1m[34mSELECT "clients".* FROM "clients"[0m
  ↳ app/controllers/clients_controller.rb:4:in `index'
Completed 200 OK in 3ms (Views: 2.4ms | ActiveRecord: 0.3ms | Allocations: 2752)


Started POST "/clients" for ::1 at 2019-10-19 01:25:13 -0500
Processing by ClientsController#create as */*
  Parameters: {"first_name"=>"df", "last_name"=>"df", "last_contact"=>"dfd", "notes"=>"df", "open"=>true, "client"=>{"first_name"=>"df", "last_name"=>"df", "last_contact"=>"dfd", "notes"=>"df"}}
Completed 500 Internal Server Error in 140ms (ActiveRecord: 0.0ms | Allocations: 72048)


  
NameError (undefined local variable or method `client_params' for #<ClientsController:0x00007f98d38536a8>
Did you mean?  client_path):
  
app/controllers/clients_controller.rb:15:in `create'
Started GET "/clients" for ::1 at 2019-10-19 01:25:32 -0500
Processing by ClientsController#index as */*
  [1m[36mClient Load (0.6ms)[0m  [1m[34mSELECT "clients".* FROM "clients"[0m
  ↳ app/controllers/clients_controller.rb:4:in `index'
Completed 200 OK in 4ms (Views: 2.9ms | ActiveRecord: 0.6ms | Allocations: 2735)


Started GET "/clients" for ::1 at 2019-10-19 01:25:33 -0500
Processing by ClientsController#index as */*
  [1m[36mClient Load (0.4ms)[0m  [1m[34mSELECT "clients".* FROM "clients"[0m
  ↳ app/controllers/clients_controller.rb:4:in `index'
Completed 200 OK in 3ms (Views: 2.7ms | ActiveRecord: 0.4ms | Allocations: 2749)


Started POST "/clients" for ::1 at 2019-10-19 01:25:37 -0500
Processing by ClientsController#create as */*
  Parameters: {"first_name"=>"dff", "last_name"=>"ef", "last_contact"=>"df", "notes"=>"fdf", "open"=>true, "client"=>{"first_name"=>"dff", "last_name"=>"ef", "last_contact"=>"df", "notes"=>"fdf"}}
Completed 500 Internal Server Error in 125ms (ActiveRecord: 0.0ms | Allocations: 72046)


  
NameError (undefined local variable or method `client_params' for #<ClientsController:0x00007f98cff1ece8>
Did you mean?  client_path):
  
app/controllers/clients_controller.rb:15:in `create'
Started GET "/clients" for ::1 at 2019-10-19 01:26:11 -0500
Processing by ClientsController#index as */*
  [1m[36mClient Load (0.4ms)[0m  [1m[34mSELECT "clients".* FROM "clients"[0m
  ↳ app/controllers/clients_controller.rb:4:in `index'
Completed 200 OK in 4ms (Views: 3.6ms | ActiveRecord: 0.4ms | Allocations: 2735)


Started GET "/clients" for ::1 at 2019-10-19 01:26:13 -0500
Processing by ClientsController#index as */*
  [1m[36mClient Load (0.3ms)[0m  [1m[34mSELECT "clients".* FROM "clients"[0m
  ↳ app/controllers/clients_controller.rb:4:in `index'
Completed 200 OK in 3ms (Views: 2.9ms | ActiveRecord: 0.3ms | Allocations: 2749)


Started GET "/clients" for ::1 at 2019-10-19 01:32:40 -0500
Processing by ClientsController#index as */*
  [1m[36mClient Load (0.7ms)[0m  [1m[34mSELECT "clients".* FROM "clients"[0m
  ↳ app/controllers/clients_controller.rb:4:in `index'
Completed 200 OK in 6ms (Views: 4.8ms | ActiveRecord: 0.7ms | Allocations: 2776)


Started GET "/clients" for ::1 at 2019-10-19 01:32:45 -0500
Processing by ClientsController#index as */*
  [1m[36mClient Load (0.4ms)[0m  [1m[34mSELECT "clients".* FROM "clients"[0m
  ↳ app/controllers/clients_controller.rb:4:in `index'
Completed 200 OK in 5ms (Views: 4.8ms | ActiveRecord: 0.4ms | Allocations: 2736)


Started GET "/clients" for ::1 at 2019-10-19 01:33:01 -0500
Processing by ClientsController#index as */*
  [1m[36mClient Load (0.3ms)[0m  [1m[34mSELECT "clients".* FROM "clients"[0m
  ↳ app/controllers/clients_controller.rb:4:in `index'
Completed 200 OK in 4ms (Views: 3.7ms | ActiveRecord: 0.3ms | Allocations: 2736)


Started GET "/clients" for ::1 at 2019-10-19 01:36:31 -0500
  [1m[35m (0.4ms)[0m  [1m[34mSELECT "schema_migrations"."version" FROM "schema_migrations" ORDER BY "schema_migrations"."version" ASC[0m
Processing by ClientsController#index as */*
  [1m[36mClient Load (0.5ms)[0m  [1m[34mSELECT "clients".* FROM "clients"[0m
  ↳ app/controllers/clients_controller.rb:4:in `index'
Completed 200 OK in 21ms (Views: 15.1ms | ActiveRecord: 3.6ms | Allocations: 10323)


Started POST "/clients" for ::1 at 2019-10-19 01:36:36 -0500
Processing by ClientsController#create as */*
  Parameters: {"first_name"=>"cvvcx", "last_name"=>"cxv", "last_contact"=>"cxv", "notes"=>"cxv", "open"=>true, "client"=>{"first_name"=>"cvvcx", "last_name"=>"cxv", "last_contact"=>"cxv", "notes"=>"cxv"}}
Completed 500 Internal Server Error in 179ms (ActiveRecord: 0.0ms | Allocations: 72074)


  
NameError (undefined local variable or method `client_params' for #<ClientsController:0x00007fe19c999460>
Did you mean?  client_path):
  
app/controllers/clients_controller.rb:15:in `create'
Started GET "/clients" for ::1 at 2019-10-19 01:37:10 -0500
  [1m[35m (0.8ms)[0m  [1m[34mSELECT "schema_migrations"."version" FROM "schema_migrations" ORDER BY "schema_migrations"."version" ASC[0m
Processing by ClientsController#index as */*
  [1m[36mClient Load (0.4ms)[0m  [1m[34mSELECT "clients".* FROM "clients"[0m
  ↳ app/controllers/clients_controller.rb:4:in `index'
Completed 200 OK in 27ms (Views: 20.3ms | ActiveRecord: 5.5ms | Allocations: 10323)


Started POST "/clients" for ::1 at 2019-10-19 01:37:15 -0500
Processing by ClientsController#create as */*
  Parameters: {"first_name"=>"dsf", "last_name"=>"dsff", "last_contact"=>"dff", "notes"=>"dsf", "open"=>true, "client"=>{"first_name"=>"dsf", "last_name"=>"dsff", "last_contact"=>"dff", "notes"=>"dsf"}}
Completed 500 Internal Server Error in 189ms (ActiveRecord: 0.0ms | Allocations: 72078)


  
NameError (undefined local variable or method `clients_params' for #<ClientsController:0x00007fd86e971f50>
Did you mean?  clients_path):
  
app/controllers/clients_controller.rb:15:in `create'
Started GET "/clients" for ::1 at 2019-10-19 01:38:02 -0500
Processing by ClientsController#index as */*
  [1m[36mClient Load (0.3ms)[0m  [1m[34mSELECT "clients".* FROM "clients"[0m
  ↳ app/controllers/clients_controller.rb:4:in `index'
Completed 200 OK in 3ms (Views: 2.0ms | ActiveRecord: 0.3ms | Allocations: 2751)


Started POST "/clients" for ::1 at 2019-10-19 01:38:19 -0500
Processing by ClientsController#create as */*
  Parameters: {"first_name"=>"dsad", "last_name"=>"dsad", "last_contact"=>"sad", "notes"=>"sdd", "open"=>true, "client"=>{"first_name"=>"dsad", "last_name"=>"dsad", "last_contact"=>"sad", "notes"=>"sdd"}}
Completed 500 Internal Server Error in 148ms (ActiveRecord: 0.0ms | Allocations: 72053)


  
NameError (undefined local variable or method `clients_params' for #<ClientsController:0x00007fd86c8bafa0>
Did you mean?  clients_path):
  
app/controllers/clients_controller.rb:15:in `create'
Started GET "/clients" for ::1 at 2019-10-19 01:42:41 -0500
  [1m[35m (0.8ms)[0m  [1m[34mSELECT "schema_migrations"."version" FROM "schema_migrations" ORDER BY "schema_migrations"."version" ASC[0m
Processing by ClientsController#index as */*
  [1m[36mClient Load (0.5ms)[0m  [1m[34mSELECT "clients".* FROM "clients"[0m
  ↳ app/controllers/clients_controller.rb:4:in `index'
Completed 200 OK in 20ms (Views: 15.1ms | ActiveRecord: 4.2ms | Allocations: 10323)


Started POST "/clients" for ::1 at 2019-10-19 01:42:46 -0500
Processing by ClientsController#create as */*
  Parameters: {"first_name"=>"dfa", "last_name"=>"dasf", "last_contact"=>"adsf", "notes"=>"adsf", "open"=>true, "client"=>{"first_name"=>"dfa", "last_name"=>"dasf", "last_contact"=>"adsf", "notes"=>"adsf"}}
Completed 500 Internal Server Error in 1ms (ActiveRecord: 0.0ms | Allocations: 183)


  
ArgumentError (When assigning attributes, you must pass a hash as an argument, String passed.):
  
app/controllers/clients_controller.rb:15:in `create'
Started GET "/clients" for ::1 at 2019-10-19 01:58:49 -0500
Processing by ClientsController#index as */*
  [1m[36mClient Load (0.8ms)[0m  [1m[34mSELECT "clients".* FROM "clients"[0m
  ↳ app/controllers/clients_controller.rb:4:in `index'
Completed 200 OK in 7ms (Views: 6.2ms | ActiveRecord: 0.8ms | Allocations: 2787)


Started GET "/clients" for ::1 at 2019-10-19 09:05:28 -0500
  [1m[35m (0.6ms)[0m  [1m[34mSELECT "schema_migrations"."version" FROM "schema_migrations" ORDER BY "schema_migrations"."version" ASC[0m
Processing by ClientsController#index as */*
  [1m[36mClient Load (0.7ms)[0m  [1m[34mSELECT "clients".* FROM "clients"[0m
  ↳ app/controllers/clients_controller.rb:4:in `index'
Completed 200 OK in 26ms (Views: 18.2ms | ActiveRecord: 5.8ms | Allocations: 10323)


Started GET "/clients" for ::1 at 2019-10-19 09:24:29 -0500
Processing by ClientsController#index as */*
  [1m[36mClient Load (1.4ms)[0m  [1m[34mSELECT "clients".* FROM "clients"[0m
  ↳ app/controllers/clients_controller.rb:4:in `index'
Completed 200 OK in 10ms (Views: 7.8ms | ActiveRecord: 1.4ms | Allocations: 2788)


Started GET "/clients" for ::1 at 2019-10-19 09:25:40 -0500
Processing by ClientsController#index as */*
  [1m[36mClient Load (0.4ms)[0m  [1m[34mSELECT "clients".* FROM "clients"[0m
  ↳ app/controllers/clients_controller.rb:4:in `index'
Completed 200 OK in 9ms (Views: 8.8ms | ActiveRecord: 0.4ms | Allocations: 2752)


Started GET "/clients" for ::1 at 2019-10-19 09:30:01 -0500
Processing by ClientsController#index as */*
  [1m[36mClient Load (0.5ms)[0m  [1m[34mSELECT "clients".* FROM "clients"[0m
  ↳ app/controllers/clients_controller.rb:4:in `index'
Completed 200 OK in 29ms (Views: 28.4ms | ActiveRecord: 0.5ms | Allocations: 2755)


Started GET "/clients" for ::1 at 2019-10-19 09:30:59 -0500
Processing by ClientsController#index as */*
  [1m[36mClient Load (0.3ms)[0m  [1m[34mSELECT "clients".* FROM "clients"[0m
  ↳ app/controllers/clients_controller.rb:4:in `index'
Completed 200 OK in 4ms (Views: 3.4ms | ActiveRecord: 0.3ms | Allocations: 2736)


Started GET "/clients" for ::1 at 2019-10-19 09:32:32 -0500
Processing by ClientsController#index as */*
  [1m[36mClient Load (0.4ms)[0m  [1m[34mSELECT "clients".* FROM "clients"[0m
  ↳ app/controllers/clients_controller.rb:4:in `index'
Completed 200 OK in 4ms (Views: 3.3ms | ActiveRecord: 0.4ms | Allocations: 2752)


Started GET "/clients" for ::1 at 2019-10-19 09:41:40 -0500
Processing by ClientsController#index as */*
  [1m[36mClient Load (6.3ms)[0m  [1m[34mSELECT "clients".* FROM "clients"[0m
  ↳ app/controllers/clients_controller.rb:4:in `index'
Completed 200 OK in 11ms (Views: 4.3ms | ActiveRecord: 6.3ms | Allocations: 2776)


Started GET "/clients" for ::1 at 2019-10-19 09:42:53 -0500
Processing by ClientsController#index as */*
  [1m[36mClient Load (0.3ms)[0m  [1m[34mSELECT "clients".* FROM "clients"[0m
  ↳ app/controllers/clients_controller.rb:4:in `index'
Completed 200 OK in 4ms (Views: 3.1ms | ActiveRecord: 0.3ms | Allocations: 2736)


Started GET "/clients" for ::1 at 2019-10-19 09:42:57 -0500
Processing by ClientsController#index as */*
  [1m[36mClient Load (0.4ms)[0m  [1m[34mSELECT "clients".* FROM "clients"[0m
  ↳ app/controllers/clients_controller.rb:4:in `index'
Completed 200 OK in 9ms (Views: 8.0ms | ActiveRecord: 0.4ms | Allocations: 2736)


Started GET "/clients" for ::1 at 2019-10-19 09:45:26 -0500
Processing by ClientsController#index as */*
  [1m[36mClient Load (0.3ms)[0m  [1m[34mSELECT "clients".* FROM "clients"[0m
  ↳ app/controllers/clients_controller.rb:4:in `index'
Completed 200 OK in 10ms (Views: 9.2ms | ActiveRecord: 0.3ms | Allocations: 2736)


Started GET "/clients" for ::1 at 2019-10-19 09:45:29 -0500
Processing by ClientsController#index as */*
  [1m[36mClient Load (0.4ms)[0m  [1m[34mSELECT "clients".* FROM "clients"[0m
  ↳ app/controllers/clients_controller.rb:4:in `index'
Completed 200 OK in 7ms (Views: 6.9ms | ActiveRecord: 0.4ms | Allocations: 2736)


Started GET "/clients" for ::1 at 2019-10-19 09:49:52 -0500
Processing by ClientsController#index as */*
  [1m[36mClient Load (2.8ms)[0m  [1m[34mSELECT "clients".* FROM "clients"[0m
  ↳ app/controllers/clients_controller.rb:4:in `index'
Completed 200 OK in 14ms (Views: 9.3ms | ActiveRecord: 2.8ms | Allocations: 2736)


Started GET "/clients" for ::1 at 2019-10-19 09:51:54 -0500
Processing by ClientsController#index as */*
  [1m[36mClient Load (0.4ms)[0m  [1m[34mSELECT "clients".* FROM "clients"[0m
  ↳ app/controllers/clients_controller.rb:4:in `index'
Completed 200 OK in 11ms (Views: 9.9ms | ActiveRecord: 0.4ms | Allocations: 2736)


Started GET "/clients" for ::1 at 2019-10-19 09:53:30 -0500
Processing by ClientsController#index as */*
  [1m[36mClient Load (2.5ms)[0m  [1m[34mSELECT "clients".* FROM "clients"[0m
  ↳ app/controllers/clients_controller.rb:4:in `index'
Completed 200 OK in 9ms (Views: 6.2ms | ActiveRecord: 2.5ms | Allocations: 2736)


Started GET "/clients" for ::1 at 2019-10-19 10:36:35 -0500
Processing by ClientsController#index as */*
  [1m[36mClient Load (1.6ms)[0m  [1m[34mSELECT "clients".* FROM "clients"[0m
  ↳ app/controllers/clients_controller.rb:4:in `index'
Completed 200 OK in 6ms (Views: 3.9ms | ActiveRecord: 1.6ms | Allocations: 2777)


Started GET "/clients" for ::1 at 2019-10-19 10:40:24 -0500
Processing by ClientsController#index as */*
  [1m[36mClient Load (2.5ms)[0m  [1m[34mSELECT "clients".* FROM "clients"[0m
  ↳ app/controllers/clients_controller.rb:4:in `index'
Completed 200 OK in 7ms (Views: 4.0ms | ActiveRecord: 2.5ms | Allocations: 2736)


Started GET "/clients" for ::1 at 2019-10-19 10:40:55 -0500
Processing by ClientsController#index as */*
  [1m[36mClient Load (0.5ms)[0m  [1m[34mSELECT "clients".* FROM "clients"[0m
  ↳ app/controllers/clients_controller.rb:4:in `index'
Completed 200 OK in 3ms (Views: 2.7ms | ActiveRecord: 0.5ms | Allocations: 2736)


Started GET "/clients" for ::1 at 2019-10-19 10:41:15 -0500
Processing by ClientsController#index as */*
  [1m[36mClient Load (0.4ms)[0m  [1m[34mSELECT "clients".* FROM "clients"[0m
  ↳ app/controllers/clients_controller.rb:4:in `index'
Completed 200 OK in 4ms (Views: 3.6ms | ActiveRecord: 0.4ms | Allocations: 2736)


Started GET "/clients" for ::1 at 2019-10-19 10:41:32 -0500
Processing by ClientsController#index as */*
  [1m[36mClient Load (0.4ms)[0m  [1m[34mSELECT "clients".* FROM "clients"[0m
  ↳ app/controllers/clients_controller.rb:4:in `index'
Completed 200 OK in 3ms (Views: 2.5ms | ActiveRecord: 0.4ms | Allocations: 2736)


Started GET "/clients" for ::1 at 2019-10-19 10:45:12 -0500
Processing by ClientsController#index as */*
  [1m[36mClient Load (0.3ms)[0m  [1m[34mSELECT "clients".* FROM "clients"[0m
  ↳ app/controllers/clients_controller.rb:4:in `index'
Completed 200 OK in 4ms (Views: 3.8ms | ActiveRecord: 0.3ms | Allocations: 2736)


Started GET "/clients" for ::1 at 2019-10-19 10:45:32 -0500
Processing by ClientsController#index as */*
  [1m[36mClient Load (0.4ms)[0m  [1m[34mSELECT "clients".* FROM "clients"[0m
  ↳ app/controllers/clients_controller.rb:4:in `index'
Completed 200 OK in 4ms (Views: 3.8ms | ActiveRecord: 0.4ms | Allocations: 2736)


Started GET "/clients" for ::1 at 2019-10-19 10:46:08 -0500
Processing by ClientsController#index as */*
  [1m[36mClient Load (0.4ms)[0m  [1m[34mSELECT "clients".* FROM "clients"[0m
  ↳ app/controllers/clients_controller.rb:4:in `index'
Completed 200 OK in 3ms (Views: 2.8ms | ActiveRecord: 0.4ms | Allocations: 2736)


Started GET "/clients" for ::1 at 2019-10-19 10:46:16 -0500
Processing by ClientsController#index as */*
  [1m[36mClient Load (0.3ms)[0m  [1m[34mSELECT "clients".* FROM "clients"[0m
  ↳ app/controllers/clients_controller.rb:4:in `index'
Completed 200 OK in 3ms (Views: 2.8ms | ActiveRecord: 0.3ms | Allocations: 2736)


Started GET "/clients" for ::1 at 2019-10-19 10:55:36 -0500
Processing by ClientsController#index as */*
  [1m[36mClient Load (1.0ms)[0m  [1m[34mSELECT "clients".* FROM "clients"[0m
  ↳ app/controllers/clients_controller.rb:4:in `index'
Completed 200 OK in 5ms (Views: 4.2ms | ActiveRecord: 1.0ms | Allocations: 2776)


Started GET "/clients" for ::1 at 2019-10-19 10:56:54 -0500
Processing by ClientsController#index as */*
  [1m[36mClient Load (0.6ms)[0m  [1m[34mSELECT "clients".* FROM "clients"[0m
  ↳ app/controllers/clients_controller.rb:4:in `index'
Completed 200 OK in 5ms (Views: 4.5ms | ActiveRecord: 0.6ms | Allocations: 2736)


Started GET "/clients" for ::1 at 2019-10-19 10:57:13 -0500
Processing by ClientsController#index as */*
  [1m[36mClient Load (0.4ms)[0m  [1m[34mSELECT "clients".* FROM "clients"[0m
  ↳ app/controllers/clients_controller.rb:4:in `index'
Completed 200 OK in 4ms (Views: 3.0ms | ActiveRecord: 0.4ms | Allocations: 2736)


Started GET "/clients" for ::1 at 2019-10-19 10:57:21 -0500
Processing by ClientsController#index as */*
  [1m[36mClient Load (1.0ms)[0m  [1m[34mSELECT "clients".* FROM "clients"[0m
  ↳ app/controllers/clients_controller.rb:4:in `index'
Completed 200 OK in 5ms (Views: 3.3ms | ActiveRecord: 1.0ms | Allocations: 2736)


Started GET "/clients" for ::1 at 2019-10-19 10:57:31 -0500
Processing by ClientsController#index as */*
  [1m[36mClient Load (0.4ms)[0m  [1m[34mSELECT "clients".* FROM "clients"[0m
  ↳ app/controllers/clients_controller.rb:4:in `index'
Completed 200 OK in 5ms (Views: 4.4ms | ActiveRecord: 0.4ms | Allocations: 2736)


